Pytest results (Python 3.14) - 2026-09-17T19:35:51Z

============================= test session starts ==============================
platform linux -- Python 3.14.7, pytest-9.1.1, pluggy-1.6.0 -- /home/runner/.local/share/hatch/env/virtual/gget/dY-b3nRT/hatch-test.py3.14/bin/python
cachedir: .pytest_cache
Using --randomly-seed=866513383
rootdir: /home/runner/work/gget/gget
configfile: pyproject.toml
testpaths: tests
plugins: cov-7.1.0, rerunfailures-14.0, mock-3.15.1, xdist-3.8.0, randomly-3.16.0
collecting ... collected 422 items

tests/test_bgee.py::TestBgee::test_error_bgee_expression_no_exist PASSED [  0%]
tests/test_bgee.py::TestBgee::test_error_bgee_orthologs_no_exist PASSED  [  0%]
tests/test_bgee.py::TestBgee::test_bgee_expression PASSED                [  0%]
tests/test_bgee.py::TestBgee::test_bgee_expression_multiple PASSED       [  0%]
tests/test_bgee.py::TestBgee::test_bgee_orthologs PASSED                 [  1%]
tests/test_bgee.py::TestBgee::test_error_bgee_unknown_type PASSED        [  1%]
tests/test_seq.py::TestSeq::test_seq_transcript_gene_iso PASSED          [  1%]
tests/test_seq.py::TestSeq::test_seq_gene_iso FAILED                     [  1%]
tests/test_seq.py::TestSeq::test_seq_gene FAILED                         [  2%]
tests/test_seq.py::TestSeq::test_seq_transcript_transcript_iso FAILED    [  2%]
tests/test_seq.py::TestSeq::test_seq_transcript_transcript_WB FAILED     [  2%]
tests/test_seq.py::TestSeq::test_seq_missing_uniprot_gene_name FAILED    [  2%]
tests/test_seq.py::TestSeq::test_seq_transcript_gene FAILED              [  3%]
tests/test_seq.py::TestSeq::test_seq_transcript FAILED                   [  3%]
tests/test_seq.py::TestSeq::test_seq_gene_transcript_iso FAILED          [  3%]
tests/test_seq.py::TestSeq::test_seq_transcript_gene_WB FAILED           [  3%]
tests/test_cosmic.py::TestCosmicWorkflow::test_cosmic_defaults PASSED    [  4%]
tests/test_archs4.py::TestArchs4MissingColor::test_tissue_missing_color_does_not_crash PASSED [  4%]
tests/test_archs4.py::TestArchs4::test_archs4_tissue_mouse PASSED        [  4%]
tests/test_archs4.py::TestArchs4::test_archs4_bad_gene PASSED            [  4%]
tests/test_archs4.py::TestArchs4::test_archs4_bad_species PASSED         [  4%]
tests/test_archs4.py::TestArchs4::test_archs4_tissue_json PASSED         [  5%]
tests/test_archs4.py::TestArchs4::test_archs4_bad_which PASSED           [  5%]
tests/test_archs4.py::TestArchs4::test_archs4_tissue PASSED              [  5%]
tests/test_archs4.py::TestArchs4::test_archs4_mouse_json_ensembl PASSED  [  5%]
tests/test_archs4.py::TestArchs4::test_archs4_tissue_ensembl FAILED      [  6%]
tests/test_archs4.py::TestArchs4::test_archs4_bad_ensembl PASSED         [  6%]
tests/test_archs4.py::TestArchs4::test_archs4_defaults PASSED            [  6%]
tests/test_archs4.py::TestArchs4::test_archs4_bad_gene_tissue PASSED     [  6%]
tests/test_g2p.py::TestG2P::test_g2p_residues_single_int PASSED          [  7%]
tests/test_g2p.py::TestG2P::test_g2p_uniprot_auto_resolved PASSED        [  7%]
tests/test_g2p.py::TestG2P::test_g2p_invalid_pair_returns_none PASSED    [  7%]
tests/test_g2p.py::TestG2P::test_g2p_features PASSED                     [  7%]
tests/test_g2p.py::TestG2P::test_g2p_map PASSED                          [  8%]
tests/test_g2p.py::TestG2P::test_g2p_out_writes_to_explicit_path PASSED  [  8%]
tests/test_g2p.py::TestG2P::test_g2p_gene_auto_resolved PASSED           [  8%]
tests/test_g2p.py::TestG2P::test_g2p_residues_filter PASSED              [  8%]
tests/test_g2p.py::TestG2P::test_g2p_schema_invariant_across_input_modes PASSED [  9%]
tests/test_g2p.py::TestG2P::test_g2p_map_has_pdb_list_column PASSED      [  9%]
tests/test_g2p.py::TestG2P::test_g2p_alignment PASSED                    [  9%]
tests/test_g2p.py::TestG2PValidation::test_residues_wrong_type_raises PASSED [  9%]
tests/test_g2p.py::TestG2PValidation::test_alignment_requires_explicit_uniprot PASSED [  9%]
tests/test_g2p.py::TestG2PValidation::test_invalid_resource_raises PASSED [ 10%]
tests/test_g2p.py::TestG2PValidation::test_missing_both_raises PASSED    [ 10%]
tests/test_g2p.py::TestG2PValidation::test_residues_on_map_raises PASSED [ 10%]
tests/test_g2p.py::TestG2PValidation::test_alignment_requires_isoform PASSED [ 10%]
tests/test_info.py::TestInfo::test_info_WB_transcript PASSED             [ 11%]
tests/test_info.py::TestInfo::test_info_mix PASSED                       [ 11%]
tests/test_info.py::TestInfo::test_info_exon FAILED                      [ 11%]
tests/test_info.py::TestInfo::test_info_ncbifalse_uniprottrue FAILED     [ 11%]
tests/test_info.py::TestInfo::test_info_ncbitrue_uniprotfalse FAILED     [ 12%]
tests/test_info.py::TestInfo::test_info_gene FAILED                      [ 12%]
tests/test_info.py::TestInfo::test_info_transcript FAILED                [ 12%]
tests/test_info.py::TestInfo::test_info_gene_list_non_model FAILED       [ 12%]
tests/test_info.py::TestInfo::test_info_ncbifalse_uniprotfalse FAILED    [ 13%]
tests/test_compile.py::TestCompilerWindows::test_compiler_windows PASSED [ 13%]
tests/test_elm.py::TestELM::test_elm_uniprot_aminoacidseq PASSED         [ 13%]
tests/test_elm.py::TestELM::test_elm_uniprot_id_new PASSED               [ 13%]
tests/test_elm.py::TestELM::test_elm_uniprot_id_in_elm PASSED            [ 13%]
tests/test_cbio.py::TestCbioSearch::test_cbio_search PASSED              [ 14%]
tests/test_cbio.py::TestCbio::test_cbio_download_partially_existing_files PASSED [ 14%]
tests/test_cbio.py::TestCbio::test_cbio_download PASSED                  [ 14%]
tests/test_cbio.py::TestCbio::test_error_cbio_download PASSED            [ 14%]
tests/test_blat.py::TestBlat::test_blat_nt_protein PASSED                [ 15%]
tests/test_blat.py::TestBlat::test_blat_bad_fasta PASSED                 [ 15%]
tests/test_blat.py::TestBlat::test_blat_aa_RNA PASSED                    [ 15%]
tests/test_blat.py::TestBlat::test_blat_nt_json PASSED                   [ 15%]
tests/test_blat.py::TestBlat::test_blat_nt_RNA PASSED                    [ 16%]
tests/test_blat.py::TestBlat::test_blat_shortseq PASSED                  [ 16%]
tests/test_blat.py::TestBlat::test_blat_bad_fileformat PASSED            [ 16%]
tests/test_blat.py::TestBlat::test_blat_bad_seqtype PASSED               [ 16%]
tests/test_blat.py::TestBlat::test_blat_nt_txt PASSED                    [ 17%]
tests/test_blat.py::TestBlat::test_blat_nt PASSED                        [ 17%]
tests/test_blat.py::TestBlat::test_blat_aa_protein PASSED                [ 17%]
tests/test_blat.py::TestBlat::test_blat_aa PASSED                        [ 17%]
tests/test_blat.py::TestBlat::test_blat_nt_fasta PASSED                  [ 18%]
tests/test_blat.py::TestBlat::test_blat_bad_txt PASSED                   [ 18%]
tests/test_blat.py::TestBlat::test_blat_nt_DNA PASSED                    [ 18%]
tests/test_blat.py::TestBlat::test_blat_bad_assembly PASSED              [ 18%]
tests/test_blat.py::TestBlat::test_blat_nt_transDNA PASSED               [ 18%]
tests/test_ref.py::TestRef::test_ref_which_plant PASSED                  [ 19%]
tests/test_ref.py::TestRef::test_ref_which PASSED                        [ 19%]
tests/test_ref.py::TestRef::test_ref_bad_species PASSED                  [ 19%]
tests/test_ref.py::TestRef::test_ref_rel_protist PASSED                  [ 19%]
tests/test_ref.py::TestRef::test_ref PASSED                              [ 20%]
tests/test_ref.py::TestRef::test_ref_list PASSED                         [ 20%]
tests/test_ref.py::TestRef::test_ref_rel_ftp PASSED                      [ 20%]
tests/test_ref.py::TestRef::test_ref_bad_rel PASSED                      [ 20%]
tests/test_ref.py::TestRef::test_ref_rel PASSED                          [ 21%]
tests/test_ref.py::TestRef::test_ref_ftp PASSED                          [ 21%]
tests/test_ref.py::TestRef::test_ref_bad_which PASSED                    [ 21%]
tests/test_ref.py::TestRef::test_ref_rel_ftp_octopus PASSED              [ 21%]
tests/test_ref.py::TestRef::test_ref_plant PASSED                        [ 22%]
tests/test_blast.py::TestBlast::test_blast_bad_db2 PASSED                [ 22%]
tests/test_blast.py::TestBlast::test_blast_bad_db1 PASSED                [ 22%]
tests/test_blast.py::TestBlast::test_blast_bad_fasta PASSED              [ 22%]
tests/test_blast.py::TestBlast::test_blast_bad_program PASSED            [ 22%]
tests/test_blast.py::TestBlast::test_blast_db_missing PASSED             [ 23%]
tests/test_blast.py::TestBlast::test_blast_nt 