Pytest results (Python 3.12) - 2026-06-08T17:12:59Z

============================= test session starts ==============================
platform linux -- Python 3.12.13, pytest-9.0.3, pluggy-1.6.0 -- /opt/hostedtoolcache/Python/3.12.13/x64/bin/python
cachedir: .pytest_cache
rootdir: /home/runner/work/gget/gget
configfile: pyproject.toml
plugins: cov-7.1.0, fast-array-utils-1.4.1, zarr-3.2.1
collecting ... collected 390 items

tests/test_8cube.py::TestSpecificity::test_specificity_basic PASSED      [  0%]
tests/test_8cube.py::TestPsiBlock::test_psi_block_basic PASSED           [  0%]
tests/test_8cube.py::TestGeneExpression::test_gene_expression_basic PASSED [  0%]
tests/test_archs4.py::TestArchs4::test_archs4_bad_ensembl PASSED         [  1%]
tests/test_archs4.py::TestArchs4::test_archs4_bad_gene PASSED            [  1%]
tests/test_archs4.py::TestArchs4::test_archs4_bad_gene_tissue PASSED     [  1%]
tests/test_archs4.py::TestArchs4::test_archs4_bad_species PASSED         [  1%]
tests/test_archs4.py::TestArchs4::test_archs4_bad_which PASSED           [  2%]
tests/test_archs4.py::TestArchs4::test_archs4_defaults PASSED            [  2%]
tests/test_archs4.py::TestArchs4::test_archs4_mouse_json_ensembl PASSED  [  2%]
tests/test_archs4.py::TestArchs4::test_archs4_tissue PASSED              [  2%]
tests/test_archs4.py::TestArchs4::test_archs4_tissue_ensembl PASSED      [  3%]
tests/test_archs4.py::TestArchs4::test_archs4_tissue_json PASSED         [  3%]
tests/test_archs4.py::TestArchs4::test_archs4_tissue_mouse PASSED        [  3%]
tests/test_bgee.py::TestBgee::test_bgee_expression PASSED                [  3%]
tests/test_bgee.py::TestBgee::test_bgee_expression_multiple PASSED       [  4%]
tests/test_bgee.py::TestBgee::test_bgee_orthologs PASSED                 [  4%]
tests/test_bgee.py::TestBgee::test_error_bgee_expression_no_exist PASSED [  4%]
tests/test_bgee.py::TestBgee::test_error_bgee_orthologs_no_exist PASSED  [  4%]
tests/test_bgee.py::TestBgee::test_error_bgee_unknown_type PASSED        [  5%]
tests/test_blast.py::TestBlast::test_blast_bad_db1 PASSED                [  5%]
tests/test_blast.py::TestBlast::test_blast_bad_db2 PASSED                [  5%]
tests/test_blast.py::TestBlast::test_blast_bad_fasta PASSED              [  5%]
tests/test_blast.py::TestBlast::test_blast_bad_program PASSED            [  6%]
tests/test_blast.py::TestBlast::test_blast_bad_seq PASSED                [  6%]
tests/test_blast.py::TestBlast::test_blast_db_missing PASSED             [  6%]
tests/test_blast.py::TestBlast::test_blast_nt PASSED                     [  6%]
tests/test_blat.py::TestBlat::test_blat_aa FAILED                        [  7%]
tests/test_blat.py::TestBlat::test_blat_aa_RNA PASSED                    [  7%]
tests/test_blat.py::TestBlat::test_blat_aa_protein FAILED                [  7%]
tests/test_blat.py::TestBlat::test_blat_bad_assembly PASSED              [  7%]
tests/test_blat.py::TestBlat::test_blat_bad_fasta PASSED                 [  8%]
tests/test_blat.py::TestBlat::test_blat_bad_fileformat PASSED            [  8%]
tests/test_blat.py::TestBlat::test_blat_bad_seqtype PASSED               [  8%]
tests/test_blat.py::TestBlat::test_blat_bad_txt PASSED                   [  8%]
tests/test_blat.py::TestBlat::test_blat_nt FAILED                        [  9%]
tests/test_blat.py::TestBlat::test_blat_nt_DNA FAILED                    [  9%]
tests/test_blat.py::TestBlat::test_blat_nt_RNA PASSED                    [  9%]
tests/test_blat.py::TestBlat::test_blat_nt_fasta FAILED                  [ 10%]

=================================== FAILURES ===================================
____________________________ TestBlat.test_blat_aa _____________________________

self = <tests.test_blat.TestBlat testMethod=test_blat_aa>

    def assert_equal(self: unittest.TestCase):
        test = name
        expected_result = td[test]["expected_result"]
        result_to_test = do_call(func, td[test]["args"])
        if test == "test_cosmic_defaults":  # special case for cosmic
            import numpy as np
            expected_result = pd.DataFrame(expected_result[0])
            expected_result = expected_result.replace({None: np.nan})
            # result_to_test.equals(expected_result)
            pd.testing.assert_frame_equal(result_to_test, expected_result, check_dtype=False)
            return
    
        # If result is a DataFrame, convert to list
        if isinstance(result_to_test, pd.DataFrame):
            result_to_test = result_to_test.dropna(axis=1).values.tolist()
    
>       self.assertEqual(result_to_test, expected_result)
E       AssertionError: None != [['mm39', 64, 25, 64, 35, 5, 62.5, 87.5, 'chrX', '+-', 17437571, 17437690]]

tests/from_json.py:78: AssertionError
------------------------------ Captured log call -------------------------------
INFO     gget.utils:gget_blat.py:90 Sequence recognized as amino acid sequence. 'seqtype' will be set as protein.
ERROR    gget.utils:gget_blat.py:148 
            BLAT of seqtype 'protein' using assembly 'mm39' was unsuccesful. 
            Possible causes: 
            - Sequence possibly too short (required minimum: 20 characters). 
            - Assembly possibly invalid. All available species with their respective assemblies are listed at https://genome.ucsc.edu/cgi-bin/hgBlat
________________________ TestBlat.test_blat_aa_protein _________________________

self = <tests.test_blat.TestBlat testMethod=test_blat_aa_protein>

    def assert_equal(self: unittest.TestCase):
        test = name
        expected_result = td[test]["expected_result"]
        result_to_test = do_call(func, td[test]["args"])
        if test == "test_cosmic_defaults":  # special case for cosmic
            import numpy as np
            expected_result = pd.DataFrame(expected_result[0])
            expected_result = expected_result.replace({None: np.nan})
            # result_to_test.equals(expected_result)
            pd.testing.assert_frame_equal(result_to_test, expected_result, check_dtype=False)
            return
    
        # If result is a DataFrame, convert to list
        if isinstance(result_to_test, pd.DataFrame):
            result_to_test = result_to_test.dropna(axis=1).values.tolist()
    
>       self.assertEqual(result_to_test, expected_result)
E       AssertionError: None != [['mm39', 64, 25, 64, 35, 5, 62.5, 87.5, 'chrX', '+-', 17437571, 17437690]]

tests/from_json.py:78: AssertionError
------------------------------ Captured log call -------------------------------
ERROR    gget.utils:gget_blat.py:148 
            BLAT of seqtype 'protein' using assembly 'mm39' was unsuccesful. 
            Possible causes: 
            - Sequence possibly too short (required minimum: 20 characters). 
            - Assembly possibly invalid. All available species with their respective assemblies are listed at https://genome.ucsc.edu/cgi-bin/hgBlat
____________________________ TestBlat.test_blat_nt _____________________________

self = <tests.test_blat.TestBlat testMethod=test_blat_nt>

    def assert_equal(self: unittest.TestCase):
        test = name
        expected_result = td[test]["expected_result"]
        result_to_test = do_call(func, td[test]["args"])
        if test == "test_cosmic_defaults":  # special case for cosmic
            import numpy as np
            expected_result = pd.DataFrame(expected_result[0])
            expected_result = expected_result.replace({None: np.nan})
            # result_to_test.equals(expected_result)
            pd.testing.assert_frame_equal(result_to_test, expected_result, check_dtype=False)
            return
    
        # If result is a DataFrame, convert to list
        if isinstance(result_to_test, pd.DataFrame):
            result_to_test = result_to_test.dropna(axis=1).values.tolist()
    
>       self.assertEqual(result_to_test, expected_result)
E       AssertionError: None != [['hg38', 44, 17, 44, 28, 0, 63.64, 100.0, 'chr18', '+', 1952614, 1952647]]

tests/from_json.py:78: AssertionError
------------------------------ Captured log call -------------------------------
INFO     gget.utils:gget_blat.py:82 Sequence recognized as nucleotide sequence. 'seqtype' will be set as DNA.
ERROR    gget.utils:gget_blat.py:148 
            BLAT of seqtype 'DNA' using assembly 'hg38' was unsuccesful. 
            Possible causes: 
            - Sequence possibly too short (required minimum: 20 characters). 
            - Assembly possibly invalid. All available species with their respective assemblies are listed at https://genome.ucsc.edu/cgi-bin/hgBlat
__________________________ TestBlat.test_blat_nt_DNA ___________________________

self = <tests.test_blat.TestBlat testMethod=test_blat_nt_DNA>

    def assert_equal(self: unittest.TestCase):
        test = name
        expected_result = td[test]["expected_result"]
        result_to_test = do_call(func, td[test]["args"])
        if test == "test_cosmic_defaults":  # special case for cosmic
            import numpy as np
            expected_result = pd.DataFrame(expected_result[0])
            expected_result = expected_result.replace({None: np.nan})
            # result_to_test.equals(expected_result)
            pd.testing.assert_frame_equal(result_to_test, expected_result, check_dtype=False)
            return
    
        # If result is a DataFrame, convert to list
        if isinstance(result_to_test, pd.DataFrame):
            result_to_test = result_to_test.dropna(axis=1).values.tolist()
    
>       self.assertEqual(result_to_test, expected_result)
E       AssertionError: None != [['hg38', 44, 17, 44, 28, 0, 63.64, 100.0, 'chr18', '+', 1952614, 1952647]]

tests/from_json.py:78: AssertionError
------------------------------ Captured log call -------------------------------
ERROR    gget.utils:gget_blat.py:148 
            BLAT of seqtype 'DNA' using assembly 'hg38' was unsuccesful. 
            Possible causes: 
            - Sequence possibly too short (required minimum: 20 characters). 
            - Assembly possibly invalid. All available species with their respective assemblies are listed at https://genome.ucsc.edu/cgi-bin/hgBlat
_________________________ TestBlat.test_blat_nt_fasta __________________________

self = <tests.test_blat.TestBlat testMethod=test_blat_nt_fasta>

    def assert_equal(self: unittest.TestCase):
        test = name
        expected_result = td[test]["expected_result"]
        result_to_test = do_call(func, td[test]["args"])
        if test == "test_cosmic_defaults":  # special case for cosmic
            import numpy as np
            expected_result = pd.DataFrame(expected_result[0])
            expected_result = expected_result.replace({None: np.nan})
            # result_to_test.equals(expected_result)
            pd.testing.assert_frame_equal(result_to_test, expected_result, check_dtype=False)
            return
    
        # If result is a DataFrame, convert to list
        if isinstance(result_to_test, pd.DataFrame):
            result_to_test = result_to_test.dropna(axis=1).values.tolist()
    
>       self.assertEqual(result_to_test, expected_result)
E       AssertionError: None != [['taeGut2', 63, 1, 63, 63, 0, 100.0, 100[108 chars]346]]

tests/from_json.py:78: AssertionError
------------------------------ Captured log call -------------------------------
INFO     gget.utils:gget_blat.py:52 File contains more than one sequence. Only the first sequence will be submitted to BLAT.
INFO     gget.utils:gget_blat.py:82 Sequence recognized as nucleotide sequence. 'seqtype' will be set as DNA.
ERROR    gget.utils:gget_blat.py:148 
            BLAT of seqtype 'DNA' using assembly 'taeGut2' was unsuccesful. 
            Possible causes: 
            - Sequence possibly too short (required minimum: 20 characters). 
            - Assembly possibly invalid. All available species with their respective assemblies are listed at https://genome.ucsc.edu/cgi-bin/hgBlat
============================= slowest 10 durations =============================
74.22s call     tests/test_blast.py::TestBlast::test_blast_nt
35.25s call     tests/test_bgee.py::TestBgee::test_bgee_expression_multiple
16.90s call     tests/test_bgee.py::TestBgee::test_bgee_orthologs
13.30s call     tests/test_bgee.py::TestBgee::test_bgee_expression
5.57s call     tests/test_8cube.py::TestSpecificity::test_specificity_basic
3.53s call     tests/test_archs4.py::TestArchs4::test_archs4_mouse_json_ensembl
3.30s call     tests/test_archs4.py::TestArchs4::test_archs4_bad_ensembl
3.21s call     tests/test_archs4.py::TestArchs4::test_archs4_bad_gene
3.13s call     tests/test_archs4.py::TestArchs4::test_archs4_defaults
2.16s call     tests/test_bgee.py::TestBgee::test_error_bgee_expression_no_exist
=========================== short test summary info ============================
FAILED tests/test_blat.py::TestBlat::test_blat_aa - AssertionError: None != [['mm39', 64, 25, 64, 35, 5, 62.5, 87.5, 'chrX', '+-', 17437571, 17437690]]
FAILED tests/test_blat.py::TestBlat::test_blat_aa_protein - AssertionError: None != [['mm39', 64, 25, 64, 35, 5, 62.5, 87.5, 'chrX', '+-', 17437571, 17437690]]
FAILED tests/test_blat.py::TestBlat::test_blat_nt - AssertionError: None != [['hg38', 44, 17, 44, 28, 0, 63.64, 100.0, 'chr18', '+', 1952614, 1952647]]
FAILED tests/test_blat.py::TestBlat::test_blat_nt_DNA - AssertionError: None != [['hg38', 44, 17, 44, 28, 0, 63.64, 100.0, 'chr18', '+', 1952614, 1952647]]
FAILED tests/test_blat.py::TestBlat::test_blat_nt_fasta - AssertionError: None != [['taeGut2', 63, 1, 63, 63, 0, 100.0, 100[108 chars]346]]
!!!!!!!!!!!!!!!!!!!!!!!!!! stopping after 5 failures !!!!!!!!!!!!!!!!!!!!!!!!!!!
=================== 5 failed, 34 passed in 175.41s (0:02:55) ===================
