Pytest results (Python 3.14) - 2026-06-26T17:07:06Z

============================= test session starts ==============================
platform linux -- Python 3.14.6, pytest-9.1.1, pluggy-1.6.0 -- /home/runner/.local/share/hatch/env/virtual/gget/dY-b3nRT/hatch-test.py3.14/bin/python3
cachedir: .pytest_cache
Using --randomly-seed=3800391218
rootdir: /home/runner/work/gget/gget
configfile: pyproject.toml
testpaths: tests
plugins: randomly-3.16.0, rerunfailures-14.0, mock-3.15.1, cov-7.1.0, xdist-3.8.0
collecting ... collected 399 items / 1 error

==================================== ERRORS ====================================
______________________ ERROR collecting tests/test_elm.py ______________________
tests/test_elm.py:11: in <module>
    gget_setup(module="elm")
gget/gget_setup.py:204: in setup
    raise RuntimeError("ELM database files download failed; missing files: " + ", ".join(missing))
E   RuntimeError: ELM database files download failed; missing files: ELM instances fasta file
------------------------------- Captured stderr --------------------------------
     %%  TT oo%tt aaTllo  t  a  l   %%    RR ee%cc eeRiievvceeeddi  v%%e  dXX ff%ee rrXddf  e  rAAdvv ee rrAaavggeeer  aSSgppeee eeSddp  e  e  dTT ii mm eeT  i  m  e   TT ii mm eeT  i  m e       T Ti im meTe i  m CeCu ur rrCreeunnrttr

e  n  t  
                                                                                          DD ll oo aaDddl  o  aUUdpp ll ooUaapdld o  a  d T Too tt aaTllo  t  a  lSS pp ee nnSttp  e n  t    L Le ef ftLt e  f StSp pe eeSedpd
e
ed
    0 0    0          0 0    0       0 0    0          0 0    0       0 0    0          0 0    0             0 0    0             0 0   -0-- -:-:----:-:-:----:- - ---- -:-:----:-:-:----:- - ---- -:-:----:-:-:----:- -  -          0 0 0  0      0  0        0 0   0            000            00    0         0   00             0 0 0             0   0     0 -  -0 :   -   -  :  00 -- --:- ----:--:--::--- -- -:---:--:-- --:---::--- -- :------::- --- :: --- -    0       00100 38626  100 38626    0     0  39993      0 --:--:-- --:--:-- --:--:-- 39985
100 88298  100 88298    0     0  83475      0  0:00:01  0:00:01 --:--:-- 83536
  % Total    % Received % Xferd  Average Speed   Time    Time     Time  Current
                                 Dload  Upload   Total   Spent    Left  Speed
  0     0    0     0    0     0      0      0 --:--:-- --:--:-- --:--:--     0  1  922k    1 13889    0     0  23270      0  0:00:40 --:--:--  0:00:40 23264  0     0    0     0    0     0      0      0 --:--:--  0:00:01 --:--:--     0 71  922k   71  663k    0     0   410k      0  0:00:02  0:00:01  0:00:01  410k100  922k  100  922k    0     0   539k      0  0:00:01  0:00:01 --:--:--  539k
  0     0    0     0    0     0      0      0 --:--:--  0:00:02 --:--:--     0  0     0    0     0    0     0      0      0 --:--:--  0:00:03 --:--:--     0  0     0    0     0    0     0      0      0 --:--:--  0:00:04 --:--:--     0  0     0    0     0    0     0      0      0 --:--:--  0:00:05 --:--:--     0  0     0    0     0    0     0      0      0 --:--:--  0:00:06 --:--:--     0  0     0    0     0    0     0      0      0 --:--:--  0:00:07 --:--:--     0  0     0    0     0    0     0      0      0 --:--:--  0:00:08 --:--:--     0  0     0    0     0    0     0      0      0 --:--:--  0:00:09 --:--:--     0  0     0    0     0    0     0      0      0 --:--:--  0:00:10 --:--:--     0  0     0    0     0    0     0      0      0 --:--:--  0:00:11 --:--:--     0  0     0    0     0    0     0      0      0 --:--:--  0:00:12 --:--:--     0  0     0    0     0    0     0      0      0 --:--:--  0:00:13 --:--:--     0  0     0    0     0    0     0      0      0 --:--:--  0:00:14 --:--:--     0  0     0    0     0    0     0      0      0 --:--:--  0:00:15 --:--:--     0  0     0    0     0    0     0      0      0 --:--:--  0:00:16 --:--:--     0  0     0    0     0    0     0      0      0 --:--:--  0:00:17 --:--:--     0  0     0    0     0    0     0      0      0 --:--:--  0:00:18 --:--:--     0  0     0    0     0    0     0      0      0 --:--:--  0:00:19 --:--:--     0  0     0    0     0    0     0      0      0 --:--:--  0:00:20 --:--:--     0  0     0    0     0    0     0      0      0 --:--:--  0:00:21 --:--:--     0  0     0    0     0    0     0      0      0 --:--:--  0:00:22 --:--:--     0  0     0    0     0    0     0      0      0 --:--:--  0:00:23 --:--:--     0  0     0    0     0    0     0      0      0 --:--:--  0:00:24 --:--:--     0  0     0    0     0    0     0      0      0 --:--:--  0:00:25 --:--:--     0  0     0    0     0    0     0      0      0 --:--:--  0:00:26 --:--:--     0  0     0    0     0    0     0      0      0 --:--:--  0:00:27 --:--:--     0  0     0    0     0    0     0      0      0 --:--:--  0:00:28 --:--:--     0  0     0    0     0    0     0      0      0 --:--:--  0:00:29 --:--:--     0  0     0    0     0    0     0      0      0 --:--:--  0:00:30 --:--:--     0  0     0    0     0    0     0      0      0 --:--:--  0:00:31 --:--:--     0  0     0    0     0    0     0      0      0 --:--:--  0:00:32 --:--:--     0  0     0    0     0    0     0      0      0 --:--:--  0:00:33 --:--:--     0  0     0    0     0    0     0      0      0 --:--:--  0:00:34 --:--:--     0  0     0    0     0    0     0      0      0 --:--:--  0:00:35 --:--:--     0  0     0    0     0    0     0      0      0 --:--:--  0:00:36 --:--:--     0  0     0    0     0    0     0      0      0 --:--:--  0:00:37 --:--:--     0  0     0    0     0    0     0      0      0 --:--:--  0:00:38 --:--:--     0  0     0    0     0    0     0      0      0 --:--:--  0:00:39 --:--:--     0  0     0    0     0    0     0      0      0 --:--:--  0:00:40 --:--:--     0  0     0    0     0    0     0      0      0 --:--:--  0:00:41 --:--:--     0  0     0    0     0    0     0      0      0 --:--:--  0:00:42 --:--:--     0  0     0    0     0    0     0      0      0 --:--:--  0:00:43 --:--:--     0  0     0    0     0    0     0      0      0 --:--:--  0:00:44 --:--:--     0  0     0    0     0    0     0      0      0 --:--:--  0:00:45 --:--:--     0  0     0    0     0    0     0      0      0 --:--:--  0:00:46 --:--:--     0  0     0    0     0    0     0      0      0 --:--:--  0:00:47 --:--:--     0  0     0    0     0    0     0      0      0 --:--:--  0:00:48 --:--:--     0  0     0    0     0    0     0      0      0 --:--:--  0:00:49 --:--:--     0  0     0    0     0    0     0      0      0 --:--:--  0:00:50 --:--:--     0  0     0    0     0    0     0      0      0 --:--:--  0:00:51 --:--:--     0  0     0    0     0    0     0      0      0 --:--:--  0:00:52 --:--:--     0  0     0    0     0    0     0      0      0 --:--:--  0:00:53 --:--:--     0  0     0    0     0    0     0      0      0 --:--:--  0:00:54 --:--:--     0  0     0    0     0    0     0      0      0 --:--:--  0:00:55 --:--:--     0  0     0    0     0    0     0      0      0 --:--:--  0:00:56 --:--:--     0  0     0    0     0    0     0      0      0 --:--:--  0:00:57 --:--:--     0  0     0    0     0    0     0      0      0 --:--:--  0:00:58 --:--:--     0  0     0    0     0    0     0      0      0 --:--:--  0:00:59 --:--:--     0  0     0    0     0    0     0      0      0 --:--:--  0:01:00 --:--:--     0  0     0    0     0    0     0      0      0 --:--:--  0:01:01 --:--:--     0  0     0    0     0    0     0      0      0 --:--:--  0:01:02 --:--:--     0  0     0    0     0    0     0      0      0 --:--:--  0:01:03 --:--:--     0  0     0    0     0    0     0      0      0 --:--:--  0:01:04 --:--:--     0  0     0    0     0    0     0      0      0 --:--:--  0:01:05 --:--:--     0  0     0    0     0    0     0      0      0 --:--:--  0:01:06 --:--:--     0  0     0    0     0    0     0      0      0 --:--:--  0:01:07 --:--:--     0  0     0    0     0    0     0      0      0 --:--:--  0:01:08 --:--:--     0  0     0    0     0    0     0      0      0 --:--:--  0:01:09 --:--:--     0  0     0    0     0    0     0      0      0 --:--:--  0:01:10 --:--:--     0  0     0    0     0    0     0      0      0 --:--:--  0:01:11 --:--:--     0  0     0    0     0    0     0      0      0 --:--:--  0:01:12 --:--:--     0  0     0    0     0    0     0      0      0 --:--:--  0:01:13 --:--:--     0  0     0    0     0    0     0      0      0 --:--:--  0:01:14 --:--:--     0  0     0    0     0    0     0      0      0 --:--:--  0:01:15 --:--:--     0  0     0    0     0    0     0      0      0 --:--:--  0:01:16 --:--:--     0  0     0    0     0    0     0      0      0 --:--:--  0:01:17 --:--:--     0  0     0    0     0    0     0      0      0 --:--:--  0:01:18 --:--:--     0  0     0    0     0    0     0      0      0 --:--:--  0:01:19 --:--:--     0  0     0    0     0    0     0      0      0 --:--:--  0:01:20 --:--:--     0  0     0    0     0    0     0      0      0 --:--:--  0:01:21 --:--:--     0  0     0    0     0    0     0      0      0 --:--:--  0:01:22 --:--:--     0  0     0    0     0    0     0      0      0 --:--:--  0:01:23 --:--:--     0  0     0    0     0    0     0      0      0 --:--:--  0:01:24 --:--:--     0  0     0    0     0    0     0      0      0 --:--:--  0:01:25 --:--:--     0  0     0    0     0    0     0      0      0 --:--:--  0:01:26 --:--:--     0  0     0    0     0    0     0      0      0 --:--:--  0:01:27 --:--:--     0  0     0    0     0    0     0      0      0 --:--:--  0:01:28 --:--:--     0  0     0    0     0    0     0      0      0 --:--:--  0:01:29 --:--:--     0  0     0    0     0    0     0      0      0 --:--:--  0:01:30 --:--:--     0  0     0    0     0    0     0      0      0 --:--:--  0:01:31 --:--:--     0  0     0    0     0    0     0      0      0 --:--:--  0:01:32 --:--:--     0  0     0    0     0    0     0      0      0 --:--:--  0:01:33 --:--:--     0  0     0    0     0    0     0      0      0 --:--:--  0:01:34 --:--:--     0  0     0    0     0    0     0      0      0 --:--:--  0:01:35 --:--:--     0  0     0    0     0    0     0      0      0 --:--:--  0:01:36 --:--:--     0  0     0    0     0    0     0      0      0 --:--:--  0:01:37 --:--:--     0  0     0    0     0    0     0      0      0 --:--:--  0:01:38 --:--:--     0  0     0    0     0    0     0      0      0 --:--:--  0:01:39 --:--:--     0  0     0    0     0    0     0      0      0 --:--:--  0:01:40 --:--:--     0  0     0    0     0    0     0      0      0 --:--:--  0:01:41 --:--:--     0  0     0    0     0    0     0      0      0 --:--:--  0:01:42 --:--:--     0  0     0    0     0    0     0      0      0 --:--:--  0:01:43 --:--:--     0  0   419    0     0    0     0      0      0 --:--:--  0:01:44 --:--:--     0
curl: (22) The requested URL returned error: 503
Warning: Problem : HTTP error. Will retry in 5 seconds. 3 retries left.
  0     0    0     0    0     0      0      0 --:--:-- --:--:-- --:--:--     0  0     0    0     0    0     0      0      0 --:--:-- --:--:-- --:--:--     0  0     0    0     0    0     0      0      0 --:--:--  0:00:01 --:--:--     0  0     0    0     0    0     0      0      0 --:--:--  0:00:02 --:--:--     0  0     0    0     0    0     0      0      0 --:--:--  0:00:03 --:--:--     0  0     0    0     0    0     0      0      0 --:--:--  0:00:04 --:--:--     0  0     0    0     0    0     0      0      0 --:--:--  0:00:05 --:--:--     0  0     0    0     0    0     0      0      0 --:--:--  0:00:06 --:--:--     0  0     0    0     0    0     0      0      0 --:--:--  0:00:07 --:--:--     0  0     0    0     0    0     0      0      0 --:--:--  0:00:08 --:--:--     0  0     0    0     0    0     0      0      0 --:--:--  0:00:09 --:--:--     0  0     0    0     0    0     0      0      0 --:--:--  0:00:10 --:--:--     0  0     0    0     0    0     0      0      0 --:--:--  0:00:11 --:--:--     0  0     0    0     0    0     0      0      0 --:--:--  0:00:12 --:--:--     0  0     0    0     0    0     0      0      0 --:--:--  0:00:13 --:--:--     0  0     0    0     0    0     0      0      0 --:--:--  0:00:14 --:--:--     0  0     0    0     0    0     0      0      0 --:--:--  0:00:15 --:--:--     0  0     0    0     0    0     0      0      0 --:--:--  0:00:16 --:--:--     0  0     0    0     0    0     0      0      0 --:--:--  0:00:17 --:--:--     0  0     0    0     0    0     0      0      0 --:--:--  0:00:18 --:--:--     0  0     0    0     0    0     0      0      0 --:--:--  0:00:19 --:--:--     0  0     0    0     0    0     0      0      0 --:--:--  0:00:20 --:--:--     0  0     0    0     0    0     0      0      0 --:--:--  0:00:21 --:--:--     0  0     0    0     0    0     0      0      0 --:--:--  0:00:22 --:--:--     0  0     0    0     0    0     0      0      0 --:--:--  0:00:23 --:--:--     0  0     0    0     0    0     0      0      0 --:--:--  0:00:24 --:--:--     0  0     0    0     0    0     0      0      0 --:--:--  0:00:25 --:--:--     0  0     0    0     0    0     0      0      0 --:--:--  0:00:26 --:--:--     0  0     0    0     0    0     0      0      0 --:--:--  0:00:27 --:--:--     0  0     0    0     0    0     0      0      0 --:--:--  0:00:28 --:--:--     0  0     0    0     0    0     0      0      0 --:--:--  0:00:29 --:--:--     0  0     0    0     0    0     0      0      0 --:--:--  0:00:30 --:--:--     0  0     0    0     0    0     0      0      0 --:--:--  0:00:31 --:--:--     0  0     0    0     0    0     0      0      0 --:--:--  0:00:32 --:--:--     0  0     0    0     0    0     0      0      0 --:--:--  0:00:33 --:--:--     0  0     0    0     0    0     0      0      0 --:--:--  0:00:34 --:--:--     0  0     0    0     0    0     0      0      0 --:--:--  0:00:35 --:--:--     0  0     0    0     0    0     0      0      0 --:--:--  0:00:36 --:--:--     0  0     0    0     0    0     0      0      0 --:--:--  0:00:37 --:--:--     0  0     0    0     0    0     0      0      0 --:--:--  0:00:38 --:--:--     0  0     0    0     0    0     0      0      0 --:--:--  0:00:39 --:--:--     0  0     0    0     0    0     0      0      0 --:--:--  0:00:40 --:--:--     0  0     0    0     0    0     0      0      0 --:--:--  0:00:41 --:--:--     0  0     0    0     0    0     0      0      0 --:--:--  0:00:42 --:--:--     0  0     0    0     0    0     0      0      0 --:--:--  0:00:43 --:--:--     0  0     0    0     0    0     0      0      0 --:--:--  0:00:44 --:--:--     0  0     0    0     0    0     0      0      0 --:--:--  0:00:45 --:--:--     0  0     0    0     0    0     0      0      0 --:--:--  0:00:46 --:--:--     0  0     0    0     0    0     0      0      0 --:--:--  0:00:47 --:--:--     0  0     0    0     0    0     0      0      0 --:--:--  0:00:48 --:--:--     0  0     0    0     0    0     0      0      0 --:--:--  0:00:49 --:--:--     0  0     0    0     0    0     0      0      0 --:--:--  0:00:50 --:--:--     0  0     0    0     0    0     0      0      0 --:--:--  0:00:51 --:--:--     0  0     0    0     0    0     0      0      0 --:--:--  0:00:52 --:--:--     0  0     0    0     0    0     0      0      0 --:--:--  0:00:53 --:--:--     0  0     0    0     0    0     0      0      0 --:--:--  0:00:54 --:--:--     0  0     0    0     0    0     0      0      0 --:--:--  0:00:55 --:--:--     0  0     0    0     0    0     0      0      0 --:--:--  0:00:56 --:--:--     0  0     0    0     0    0     0      0      0 --:--:--  0:00:57 --:--:--     0  0     0    0     0    0     0      0      0 --:--:--  0:00:58 --:--:--     0  0     0    0     0    0     0      0      0 --:--:--  0:00:59 --:--:--     0  0     0    0     0    0     0      0      0 --:--:--  0:01:00 --:--:--     0  0     0    0     0    0     0      0      0 --:--:--  0:01:01 --:--:--     0  0     0    0     0    0     0      0      0 --:--:--  0:01:02 --:--:--     0  0     0    0     0    0     0      0      0 --:--:--  0:01:03 --:--:--     0  0     0    0     0    0     0      0      0 --:--:--  0:01:04 --:--:--     0  0     0    0     0    0     0      0      0 --:--:--  0:01:05 --:--:--     0  0     0    0     0    0     0      0      0 --:--:--  0:01:06 --:--:--     0  0     0    0     0    0     0      0      0 --:--:--  0:01:07 --:--:--     0  0     0    0     0    0     0      0      0 --:--:--  0:01:08 --:--:--     0  0     0    0     0    0     0      0      0 --:--:--  0:01:09 --:--:--     0  0     0    0     0    0     0      0      0 --:--:--  0:01:10 --:--:--     0  0     0    0     0    0     0      0      0 --:--:--  0:01:11 --:--:--     0  0     0    0     0    0     0      0      0 --:--:--  0:01:12 --:--:--     0  0     0    0     0    0     0      0      0 --:--:--  0:01:13 --:--:--     0  0     0    0     0    0     0      0      0 --:--:--  0:01:14 --:--:--     0  0     0    0     0    0     0      0      0 --:--:--  0:01:15 --:--:--     0  0     0    0     0    0     0      0      0 --:--:--  0:01:16 --:--:--     0  0     0    0     0    0     0      0      0 --:--:--  0:01:17 --:--:--     0  0     0    0     0    0     0      0      0 --:--:--  0:01:18 --:--:--     0  0     0    0     0    0     0      0      0 --:--:--  0:01:19 --:--:--     0  0     0    0     0    0     0      0      0 --:--:--  0:01:20 --:--:--     0  0     0    0     0    0     0      0      0 --:--:--  0:01:21 --:--:--     0  0     0    0     0    0     0      0      0 --:--:--  0:01:22 --:--:--     0  0     0    0     0    0     0      0      0 --:--:--  0:01:23 --:--:--     0  0     0    0     0    0     0      0      0 --:--:--  0:01:24 --:--:--     0  0     0    0     0    0     0      0      0 --:--:--  0:01:25 --:--:--     0  0     0    0     0    0     0      0      0 --:--:--  0:01:26 --:--:--     0  0     0    0     0    0     0      0      0 --:--:--  0:01:27 --:--:--     0  0     0    0     0    0     0      0      0 --:--:--  0:01:28 --:--:--     0  0     0    0     0    0     0      0      0 --:--:--  0:01:29 --:--:--     0  0     0    0     0    0     0      0      0 --:--:--  0:01:30 --:--:--     0  0     0    0     0    0     0      0      0 --:--:--  0:01:31 --:--:--     0  0     0    0     0    0     0      0      0 --:--:--  0:01:32 --:--:--     0  0     0    0     0    0     0      0      0 --:--:--  0:01:33 --:--:--     0  0     0    0     0    0     0      0      0 --:--:--  0:01:34 --:--:--     0  0     0    0     0    0     0      0      0 --:--:--  0:01:35 --:--:--     0  0     0    0     0    0     0      0      0 --:--:--  0:01:36 --:--:--     0  0     0    0     0    0     0      0      0 --:--:--  0:01:37 --:--:--     0  0     0    0     0    0     0      0      0 --:--:--  0:01:38 --:--:--     0  0     0    0     0    0     0      0      0 --:--:--  0:01:39 --:--:--     0  0     0    0     0    0     0      0      0 --:--:--  0:01:40 --:--:--     0  0     0    0     0    0     0      0      0 --:--:--  0:01:41 --:--:--     0  0     0    0     0    0     0      0      0 --:--:--  0:01:42 --:--:--     0  0     0    0     0    0     0      0      0 --:--:--  0:01:43 --:--:--     0  0     0    0     0    0     0      0      0 --:--:--  0:01:44 --:--:--     0  0     0    0     0    0     0      0      0 --:--:--  0:01:45 --:--:--     0  0     0    0     0    0     0      0      0 --:--:--  0:01:46 --:--:--     0  0     0    0     0    0     0      0      0 --:--:--  0:01:47 --:--:--     0  0     0    0     0    0     0      0      0 --:--:--  0:01:48 --:--:--     0  0     0    0     0    0     0      0      0 --:--:--  0:01:49 --:--:--     0  0     0    0     0    0     0      0      0 --:--:--  0:01:50 --:--:--     0  0     0    0     0    0     0      0      0 --:--:--  0:01:51 --:--:--     0  0     0    0     0    0     0      0      0 --:--:--  0:01:52 --:--:--     0  0     0    0     0    0     0      0      0 --:--:--  0:01:53 --:--:--     0  0     0    0     0    0     0      0      0 --:--:--  0:01:54 --:--:--     0  0     0    0     0    0     0      0      0 --:--:--  0:01:55 --:--:--     0  0     0    0     0    0     0      0      0 --:--:--  0:01:56 --:--:--     0  0     0    0     0    0     0      0      0 --:--:--  0:01:57 --:--:--     0  0     0    0     0    0     0      0      0 --:--:--  0:01:58 --:--:--     0  0     0    0     0    0     0      0      0 --:--:--  0:01:59 --:--:--     0  0     0    0     0    0     0      0      0 --:--:--  0:02:00 --:--:--     0  0     0    0     0    0     0      0      0 --:--:--  0:02:01 --:--:--     0  0     0    0     0    0     0      0      0 --:--:--  0:02:02 --:--:--     0  0     0    0     0    0     0      0      0 --:--:--  0:02:03 --:--:--     0  0     0    0     0    0     0      0      0 --:--:--  0:02:04 --:--:--     0  0     0    0     0    0     0      0      0 --:--:--  0:02:05 --:--:--     0  0     0    0     0    0     0      0      0 --:--:--  0:02:06 --:--:--     0  0     0    0     0    0     0      0      0 --:--:--  0:02:07 --:--:--     0  0     0    0     0    0     0      0      0 --:--:--  0:02:08 --:--:--     0  0     0    0     0    0     0      0      0 --:--:--  0:02:09 --:--:--     0  0     0    0     0    0     0      0      0 --:--:--  0:02:10 --:--:--     0  0     0    0     0    0     0      0      0 --:--:--  0:02:11 --:--:--     0  0     0    0     0    0     0      0      0 --:--:--  0:02:12 --:--:--     0  0     0    0     0    0     0      0      0 --:--:--  0:02:13 --:--:--     0  0     0    0     0    0     0      0      0 --:--:--  0:02:14 --:--:--     0  0     0    0     0    0     0      0      0 --:--:--  0:02:15 --:--:--     0  0     0    0     0    0     0      0      0 --:--:--  0:02:16 --:--:--     0  0     0    0     0    0     0      0      0 --:--:--  0:02:17 --:--:--     0  0     0    0     0    0     0      0      0 --:--:--  0:02:18 --:--:--     0  0     0    0     0    0     0      0      0 --:--:--  0:02:19 --:--:--     0  0     0    0     0    0     0      0      0 --:--:--  0:02:20 --:--:--     0  0     0    0     0    0     0      0      0 --:--:--  0:02:21 --:--:--     0  0     0    0     0    0     0      0      0 --:--:--  0:02:22 --:--:--     0  0     0    0     0    0     0      0      0 --:--:--  0:02:23 --:--:--     0  0     0    0     0    0     0      0      0 --:--:--  0:02:24 --:--:--     0  0     0    0     0    0     0      0      0 --:--:--  0:02:25 --:--:--     0  0     0    0     0    0     0      0      0 --:--:--  0:02:26 --:--:--     0  0     0    0     0    0     0      0      0 --:--:--  0:02:27 --:--:--     0  0     0    0     0    0     0      0      0 --:--:--  0:02:28 --:--:--     0  0     0    0     0    0     0      0      0 --:--:--  0:02:29 --:--:--     0  0     0    0     0    0     0      0      0 --:--:--  0:02:30 --:--:--     0  0     0    0     0    0     0      0      0 --:--:--  0:02:31 --:--:--     0  0     0    0     0    0     0      0      0 --:--:--  0:02:32 --:--:--     0  0     0    0     0    0     0      0      0 --:--:--  0:02:33 --:--:--     0  0     0    0     0    0     0      0      0 --:--:--  0:02:34 --:--:--     0  0     0    0     0    0     0      0      0 --:--:--  0:02:35 --:--:--     0  0     0    0     0    0     0      0      0 --:--:--  0:02:36 --:--:--     0  0     0    0     0    0     0      0      0 --:--:--  0:02:37 --:--:--     0  0     0    0     0    0     0      0      0 --:--:--  0:02:38 --:--:--     0  0     0    0     0    0     0      0      0 --:--:--  0:02:39 --:--:--     0  0     0    0     0    0     0      0      0 --:--:--  0:02:40 --:--:--     0  0     0    0     0    0     0      0      0 --:--:--  0:02:41 --:--:--     0  0     0    0     0    0     0      0      0 --:--:--  0:02:42 --:--:--     0  0     0    0     0    0     0      0      0 --:--:--  0:02:43 --:--:--     0  0     0    0     0    0     0      0      0 --:--:--  0:02:44 --:--:--     0  0     0    0     0    0     0      0      0 --:--:--  0:02:45 --:--:--     0  0     0    0     0    0     0      0      0 --:--:--  0:02:46 --:--:--     0  0     0    0     0    0     0      0      0 --:--:--  0:02:47 --:--:--     0  0     0    0     0    0     0      0      0 --:--:--  0:02:48 --:--:--     0  0     0    0     0    0     0      0      0 --:--:--  0:02:49 --:--:--     0  0     0    0     0    0     0      0      0 --:--:--  0:02:50 --:--:--     0  0     0    0     0    0     0      0      0 --:--:--  0:02:51 --:--:--     0  0     0    0     0    0     0      0      0 --:--:--  0:02:52 --:--:--     0  0     0    0     0    0     0      0      0 --:--:--  0:02:53 --:--:--     0  0     0    0     0    0     0      0      0 --:--:--  0:02:54 --:--:--     0  0     0    0     0    0     0      0      0 --:--:--  0:02:55 --:--:--     0  0     0    0     0    0     0      0      0 --:--:--  0:02:56 --:--:--     0  0     0    0     0    0     0      0      0 --:--:--  0:02:57 --:--:--     0  0     0    0     0    0     0      0      0 --:--:--  0:02:58 --:--:--     0  0     0    0     0    0     0      0      0 --:--:--  0:02:59 --:--:--     0  0     0    0     0    0     0      0      0 --:--:--  0:03:00 --:--:--     0
curl: (28) Operation timed out after 180000 milliseconds with 0 bytes received
Warning: Problem : timeout. Will retry in 5 seconds. 2 retries left.
  0     0    0     0    0     0      0      0 --:--:-- --:--:-- --:--:--     0  0     0    0     0    0     0      0      0 --:--:--  0:00:01 --:--:--     0  0     0    0     0    0     0      0      0 --:--:--  0:00:02 --:--:--     0  0     0    0     0    0     0      0      0 --:--:--  0:00:03 --:--:--     0  0     0    0     0    0     0      0      0 --:--:--  0:00:04 --:--:--     0  0     0    0     0    0     0      0      0 --:--:--  0:00:05 --:--:--     0  0     0    0     0    0     0      0      0 --:--:--  0:00:06 --:--:--     0  0     0    0     0    0     0      0      0 --:--:--  0:00:07 --:--:--     0  0     0    0     0    0     0      0      0 --:--:--  0:00:08 --:--:--     0  0     0    0     0    0     0      0      0 --:--:--  0:00:09 --:--:--     0  0     0    0     0    0     0      0      0 --:--:--  0:00:10 --:--:--     0  0     0    0     0    0     0      0      0 --:--:--  0:00:11 --:--:--     0  0     0    0     0    0     0      0      0 --:--:--  0:00:12 --:--:--     0  0     0    0     0    0     0      0      0 --:--:--  0:00:13 --:--:--     0  0     0    0     0    0     0      0      0 --:--:--  0:00:14 --:--:--     0  0     0    0     0    0     0      0      0 --:--:--  0:00:15 --:--:--     0  0     0    0     0    0     0      0      0 --:--:--  0:00:16 --:--:--     0  0     0    0     0    0     0      0      0 --:--:--  0:00:17 --:--:--     0  0     0    0     0    0     0      0      0 --:--:--  0:00:18 --:--:--     0  0     0    0     0    0     0      0      0 --:--:--  0:00:19 --:--:--     0  0     0    0     0    0     0      0      0 --:--:--  0:00:20 --:--:--     0  0     0    0     0    0     0      0      0 --:--:--  0:00:21 --:--:--     0  0     0    0     0    0     0      0      0 --:--:--  0:00:22 --:--:--     0  0     0    0     0    0     0      0      0 --:--:--  0:00:23 --:--:--     0  0     0    0     0    0     0      0      0 --:--:--  0:00:24 --:--:--     0  0     0    0     0    0     0      0      0 --:--:--  0:00:25 --:--:--     0  0     0    0     0    0     0      0      0 --:--:--  0:00:26 --:--:--     0  0     0    0     0    0     0      0      0 --:--:--  0:00:27 --:--:--     0  0     0    0     0    0     0      0      0 --:--:--  0:00:28 --:--:--     0  0     0    0     0    0     0      0      0 --:--:--  0:00:29 --:--:--     0  0     0    0     0    0     0      0      0 --:--:--  0:00:30 --:--:--     0  0     0    0     0    0     0      0      0 --:--:--  0:00:31 --:--:--     0  0     0    0     0    0     0      0      0 --:--:--  0:00:32 --:--:--     0  0     0    0     0    0     0      0      0 --:--:--  0:00:33 --:--:--     0  0     0    0     0    0     0      0      0 --:--:--  0:00:34 --:--:--     0  0     0    0     0    0     0      0      0 --:--:--  0:00:35 --:--:--     0  0     0    0     0    0     0      0      0 --:--:--  0:00:36 --:--:--     0  0     0    0     0    0     0      0      0 --:--:--  0:00:37 --:--:--     0  0     0    0     0    0     0      0      0 --:--:--  0:00:38 --:--:--     0  0     0    0     0    0     0      0      0 --:--:--  0:00:39 --:--:--     0  0     0    0     0    0     0      0      0 --:--:--  0:00:40 --:--:--     0  0     0    0     0    0     0      0      0 --:--:--  0:00:41 --:--:--     0  0     0    0     0    0     0      0      0 --:--:--  0:00:42 --:--:--     0  0     0    0     0    0     0      0      0 --:--:--  0:00:43 --:--:--     0  0     0    0     0    0     0      0      0 --:--:--  0:00:44 --:--:--     0  0     0    0     0    0     0      0      0 --:--:--  0:00:45 --:--:--     0  0     0    0     0    0     0      0      0 --:--:--  0:00:46 --:--:--     0  0     0    0     0    0     0      0      0 --:--:--  0:00:47 --:--:--     0  0     0    0     0    0     0      0      0 --:--:--  0:00:48 --:--:--     0  0     0    0     0    0     0      0      0 --:--:--  0:00:49 --:--:--     0  0     0    0     0    0     0      0      0 --:--:--  0:00:50 --:--:--     0  0     0    0     0    0     0      0      0 --:--:--  0:00:51 --:--:--     0  0     0    0     0    0     0      0      0 --:--:--  0:00:52 --:--:--     0  0     0    0     0    0     0      0      0 --:--:--  0:00:53 --:--:--     0  0     0    0     0    0     0      0      0 --:--:--  0:00:54 --:--:--     0  0     0    0     0    0     0      0      0 --:--:--  0:00:55 --:--:--     0  0     0    0     0    0     0      0      0 --:--:--  0:00:56 --:--:--     0  0     0    0     0    0     0      0      0 --:--:--  0:00:57 --:--:--     0  0     0    0     0    0     0      0      0 --:--:--  0:00:58 --:--:--     0  0     0    0     0    0     0      0      0 --:--:--  0:00:59 --:--:--     0  0     0    0     0    0     0      0      0 --:--:--  0:01:00 --:--:--     0  0     0    0     0    0     0      0      0 --:--:--  0:01:01 --:--:--     0  0     0    0     0    0     0      0      0 --:--:--  0:01:02 --:--:--     0  0     0    0     0    0     0      0      0 --:--:--  0:01:03 --:--:--     0  0     0    0     0    0     0      0      0 --:--:--  0:01:04 --:--:--     0  0     0    0     0    0     0      0      0 --:--:--  0:01:05 --:--:--     0  0     0    0     0    0     0      0      0 --:--:--  0:01:06 --:--:--     0  0     0    0     0    0     0      0      0 --:--:--  0:01:07 --:--:--     0  0     0    0     0    0     0      0      0 --:--:--  0:01:08 --:--:--     0  0     0    0     0    0     0      0      0 --:--:--  0:01:09 --:--:--     0  0     0    0     0    0     0      0      0 --:--:--  0:01:10 --:--:--     0  0     0    0     0    0     0      0      0 --:--:--  0:01:11 --:--:--     0  0     0    0     0    0     0      0      0 --:--:--  0:01:12 --:--:--     0  0     0    0     0    0     0      0      0 --:--:--  0:01:13 --:--:--     0  0     0    0     0    0     0      0      0 --:--:--  0:01:14 --:--:--     0  0     0    0     0    0     0      0      0 --:--:--  0:01:15 --:--:--     0  0     0    0     0    0     0      0      0 --:--:--  0:01:16 --:--:--     0  0     0    0     0    0     0      0      0 --:--:--  0:01:17 --:--:--     0  0     0    0     0    0     0      0      0 --:--:--  0:01:18 --:--:--     0  0     0    0     0    0     0      0      0 --:--:--  0:01:19 --:--:--     0  0     0    0     0    0     0      0      0 --:--:--  0:01:20 --:--:--     0  0     0    0     0    0     0      0      0 --:--:--  0:01:21 --:--:--     0  0     0    0     0    0     0      0      0 --:--:--  0:01:22 --:--:--     0  0     0    0     0    0     0      0      0 --:--:--  0:01:23 --:--:--     0  0     0    0     0    0     0      0      0 --:--:--  0:01:24 --:--:--     0  0     0    0     0    0     0      0      0 --:--:--  0:01:25 --:--:--     0  0     0    0     0    0     0      0      0 --:--:--  0:01:26 --:--:--     0  0     0    0     0    0     0      0      0 --:--:--  0:01:27 --:--:--     0  0     0    0     0    0     0      0      0 --:--:--  0:01:28 --:--:--     0  0     0    0     0    0     0      0      0 --:--:--  0:01:29 --:--:--     0  0     0    0     0    0     0      0      0 --:--:--  0:01:30 --:--:--     0  0     0    0     0    0     0      0      0 --:--:--  0:01:31 --:--:--     0  0     0    0     0    0     0      0      0 --:--:--  0:01:32 --:--:--     0  0     0    0     0    0     0      0      0 --:--:--  0:01:33 --:--:--     0  0     0    0     0    0     0      0      0 --:--:--  0:01:34 --:--:--     0  0     0    0     0    0     0      0      0 --:--:--  0:01:35 --:--:--     0  0     0    0     0    0     0      0      0 --:--:--  0:01:36 --:--:--     0  0     0    0     0    0     0      0      0 --:--:--  0:01:37 --:--:--     0  0     0    0     0    0     0      0      0 --:--:--  0:01:38 --:--:--     0  0     0    0     0    0     0      0      0 --:--:--  0:01:39 --:--:--     0  0     0    0     0    0     0      0      0 --:--:--  0:01:40 --:--:--     0  0     0    0     0    0     0      0      0 --:--:--  0:01:41 --:--:--     0  0     0    0     0    0     0      0      0 --:--:--  0:01:42 --:--:--     0  0     0    0     0    0     0      0      0 --:--:--  0:01:43 --:--:--     0  0     0    0     0    0     0      0      0 --:--:--  0:01:44 --:--:--     0  0     0    0     0    0     0      0      0 --:--:--  0:01:45 --:--:--     0  0     0    0     0    0     0      0      0 --:--:--  0:01:46 --:--:--     0  0     0    0     0    0     0      0      0 --:--:--  0:01:47 --:--:--     0  0     0    0     0    0     0      0      0 --:--:--  0:01:48 --:--:--     0  0     0    0     0    0     0      0      0 --:--:--  0:01:49 --:--:--     0  0     0    0     0    0     0      0      0 --:--:--  0:01:50 --:--:--     0  0     0    0     0    0     0      0      0 --:--:--  0:01:51 --:--:--     0  0     0    0     0    0     0      0      0 --:--:--  0:01:52 --:--:--     0  0     0    0     0    0     0      0      0 --:--:--  0:01:53 --:--:--     0  0     0    0     0    0     0      0      0 --:--:--  0:01:54 --:--:--     0  0     0    0     0    0     0      0      0 --:--:--  0:01:55 --:--:--     0  0     0    0     0    0     0      0      0 --:--:--  0:01:56 --:--:--     0  0     0    0     0    0     0      0      0 --:--:--  0:01:57 --:--:--     0  0     0    0     0    0     0      0      0 --:--:--  0:01:58 --:--:--     0  0     0    0     0    0     0      0      0 --:--:--  0:01:59 --:--:--     0  0     0    0     0    0     0      0      0 --:--:--  0:02:00 --:--:--     0  0     0    0     0    0     0      0      0 --:--:--  0:02:01 --:--:--     0  0     0    0     0    0     0      0      0 --:--:--  0:02:02 --:--:--     0  0     0    0     0    0     0      0      0 --:--:--  0:02:03 --:--:--     0  0     0    0     0    0     0      0      0 --:--:--  0:02:04 --:--:--     0  0     0    0     0    0     0      0      0 --:--:--  0:02:05 --:--:--     0  0     0    0     0    0     0      0      0 --:--:--  0:02:06 --:--:--     0  0     0    0     0    0     0      0      0 --:--:--  0:02:07 --:--:--     0  0     0    0     0    0     0      0      0 --:--:--  0:02:08 --:--:--     0  0     0    0     0    0     0      0      0 --:--:--  0:02:09 --:--:--     0  0     0    0     0    0     0      0      0 --:--:--  0:02:10 --:--:--     0  0     0    0     0    0     0      0      0 --:--:--  0:02:11 --:--:--     0  0     0    0     0    0     0      0      0 --:--:--  0:02:12 --:--:--     0  0     0    0     0    0     0      0      0 --:--:--  0:02:13 --:--:--     0  0     0    0     0    0     0      0      0 --:--:--  0:02:14 --:--:--     0  0     0    0     0    0     0      0      0 --:--:--  0:02:15 --:--:--     0  0     0    0     0    0     0      0      0 --:--:--  0:02:16 --:--:--     0  0     0    0     0    0     0      0      0 --:--:--  0:02:17 --:--:--     0  0     0    0     0    0     0      0      0 --:--:--  0:02:18 --:--:--     0  0     0    0     0    0     0      0      0 --:--:--  0:02:19 --:--:--     0  0     0    0     0    0     0      0      0 --:--:--  0:02:20 --:--:--     0  0     0    0     0    0     0      0      0 --:--:--  0:02:21 --:--:--     0  0     0    0     0    0     0      0      0 --:--:--  0:02:22 --:--:--     0  0     0    0     0    0     0      0      0 --:--:--  0:02:23 --:--:--     0  0     0    0     0    0     0      0      0 --:--:--  0:02:24 --:--:--     0  0     0    0     0    0     0      0      0 --:--:--  0:02:25 --:--:--     0  0     0    0     0    0     0      0      0 --:--:--  0:02:26 --:--:--     0  0     0    0     0    0     0      0      0 --:--:--  0:02:27 --:--:--     0  0     0    0     0    0     0      0      0 --:--:--  0:02:28 --:--:--     0  0     0    0     0    0     0      0      0 --:--:--  0:02:29 --:--:--     0  0     0    0     0    0     0      0      0 --:--:--  0:02:30 --:--:--     0  0     0    0     0    0     0      0      0 --:--:--  0:02:31 --:--:--     0  0     0    0     0    0     0      0      0 --:--:--  0:02:32 --:--:--     0  0     0    0     0    0     0      0      0 --:--:--  0:02:33 --:--:--     0  0     0    0     0    0     0      0      0 --:--:--  0:02:34 --:--:--     0  0     0    0     0    0     0      0      0 --:--:--  0:02:35 --:--:--     0  0     0    0     0    0     0      0      0 --:--:--  0:02:36 --:--:--     0  0     0    0     0    0     0      0      0 --:--:--  0:02:37 --:--:--     0  0     0    0     0    0     0      0      0 --:--:--  0:02:38 --:--:--     0  0     0    0     0    0     0      0      0 --:--:--  0:02:39 --:--:--     0  0     0    0     0    0     0      0      0 --:--:--  0:02:40 --:--:--     0  0     0    0     0    0     0      0      0 --:--:--  0:02:41 --:--:--     0  0     0    0     0    0     0      0      0 --:--:--  0:02:42 --:--:--     0  0     0    0     0    0     0      0      0 --:--:--  0:02:43 --:--:--     0  0     0    0     0    0     0      0      0 --:--:--  0:02:44 --:--:--     0  0     0    0     0    0     0      0      0 --:--:--  0:02:45 --:--:--     0  0     0    0     0    0     0      0      0 --:--:--  0:02:46 --:--:--     0  0     0    0     0    0     0      0      0 --:--:--  0:02:47 --:--:--     0  0     0    0     0    0     0      0      0 --:--:--  0:02:48 --:--:--     0  0     0    0     0    0     0      0      0 --:--:--  0:02:49 --:--:--     0  0     0    0     0    0     0      0      0 --:--:--  0:02:50 --:--:--     0  0     0    0     0    0     0      0      0 --:--:--  0:02:51 --:--:--     0  0     0    0     0    0     0      0      0 --:--:--  0:02:52 --:--:--     0  0     0    0     0    0     0      0      0 --:--:--  0:02:53 --:--:--     0  0     0    0     0    0     0      0      0 --:--:--  0:02:54 --:--:--     0  0     0    0     0    0     0      0      0 --:--:--  0:02:55 --:--:--     0  0     0    0     0    0     0      0      0 --:--:--  0:02:56 --:--:--     0  0     0    0     0    0     0      0      0 --:--:--  0:02:57 --:--:--     0  0     0    0     0    0     0      0      0 --:--:--  0:02:58 --:--:--     0  0     0    0     0    0     0      0      0 --:--:--  0:02:59 --:--:--     0  0     0    0     0    0     0      0      0 --:--:--  0:03:00 --:--:--     0
curl: (28) Operation timed out after 180001 milliseconds with 0 bytes received
Warning: Problem : timeout. Will retry in 5 seconds. 1 retries left.
  0     0    0     0    0     0      0      0 --:--:-- --:--:-- --:--:--     0  0     0    0     0    0     0      0      0 --:--:-- --:--:-- --:--:--     0  0     0    0     0    0     0      0      0 --:--:--  0:00:01 --:--:--     0  0     0    0     0    0     0      0      0 --:--:--  0:00:02 --:--:--     0  0     0    0     0    0     0      0      0 --:--:--  0:00:03 --:--:--     0  0     0    0     0    0     0      0      0 --:--:--  0:00:04 --:--:--     0  0     0    0     0    0     0      0      0 --:--:--  0:00:05 --:--:--     0  0     0    0     0    0     0      0      0 --:--:--  0:00:06 --:--:--     0  0     0    0     0    0     0      0      0 --:--:--  0:00:07 --:--:--     0  0     0    0     0    0     0      0      0 --:--:--  0:00:08 --:--:--     0  0     0    0     0    0     0      0      0 --:--:--  0:00:09 --:--:--     0  0     0    0     0    0     0      0      0 --:--:--  0:00:10 --:--:--     0  0     0    0     0    0     0      0      0 --:--:--  0:00:11 --:--:--     0  0     0    0     0    0     0      0      0 --:--:--  0:00:12 --:--:--     0  0     0    0     0    0     0      0      0 --:--:--  0:00:13 --:--:--     0  0     0    0     0    0     0      0      0 --:--:--  0:00:14 --:--:--     0  0     0    0     0    0     0      0      0 --:--:--  0:00:15 --:--:--     0  0     0    0     0    0     0      0      0 --:--:--  0:00:16 --:--:--     0  0     0    0     0    0     0      0      0 --:--:--  0:00:17 --:--:--     0  0     0    0     0    0     0      0      0 --:--:--  0:00:18 --:--:--     0  0     0    0     0    0     0      0      0 --:--:--  0:00:19 --:--:--     0  0     0    0     0    0     0      0      0 --:--:--  0:00:20 --:--:--     0  0     0    0     0    0     0      0      0 --:--:--  0:00:21 --:--:--     0  0     0    0     0    0     0      0      0 --:--:--  0:00:22 --:--:--     0  0     0    0     0    0     0      0      0 --:--:--  0:00:23 --:--:--     0  0     0    0     0    0     0      0      0 --:--:--  0:00:24 --:--:--     0  0     0    0     0    0     0      0      0 --:--:--  0:00:25 --:--:--     0  0     0    0     0    0     0      0      0 --:--:--  0:00:26 --:--:--     0  0     0    0     0    0     0      0      0 --:--:--  0:00:27 --:--:--     0  0     0    0     0    0     0      0      0 --:--:--  0:00:28 --:--:--     0  0     0    0     0    0     0      0      0 --:--:--  0:00:29 --:--:--     0  0     0    0     0    0     0      0      0 --:--:--  0:00:30 --:--:--     0  0     0    0     0    0     0      0      0 --:--:--  0:00:31 --:--:--     0  0     0    0     0    0     0      0      0 --:--:--  0:00:32 --:--:--     0  0     0    0     0    0     0      0      0 --:--:--  0:00:33 --:--:--     0  0     0    0     0    0     0      0      0 --:--:--  0:00:34 --:--:--     0  0     0    0     0    0     0      0      0 --:--:--  0:00:35 --:--:--     0  0     0    0     0    0     0      0      0 --:--:--  0:00:36 --:--:--     0  0     0    0     0    0     0      0      0 --:--:--  0:00:37 --:--:--     0  0     0    0     0    0     0      0      0 --:--:--  0:00:38 --:--:--     0  0     0    0     0    0     0      0      0 --:--:--  0:00:39 --:--:--     0  0     0    0     0    0     0      0      0 --:--:--  0:00:40 --:--:--     0  0     0    0     0    0     0      0      0 --:--:--  0:00:41 --:--:--     0  0     0    0     0    0     0      0      0 --:--:--  0:00:42 --:--:--     0  0     0    0     0    0     0      0      0 --:--:--  0:00:43 --:--:--     0  0     0    0     0    0     0      0      0 --:--:--  0:00:44 --:--:--     0  0     0    0     0    0     0      0      0 --:--:--  0:00:45 --:--:--     0  0     0    0     0    0     0      0      0 --:--:--  0:00:46 --:--:--     0  0     0    0     0    0     0      0      0 --:--:--  0:00:47 --:--:--     0  0     0    0     0    0     0      0      0 --:--:--  0:00:48 --:--:--     0  0     0    0     0    0     0      0      0 --:--:--  0:00:49 --:--:--     0  0     0    0     0    0     0      0      0 --:--:--  0:00:50 --:--:--     0  0     0    0     0    0     0      0      0 --:--:--  0:00:51 --:--:--     0  0     0    0     0    0     0      0      0 --:--:--  0:00:52 --:--:--     0  0     0    0     0    0     0      0      0 --:--:--  0:00:53 --:--:--     0  0     0    0     0    0     0      0      0 --:--:--  0:00:54 --:--:--     0  0     0    0     0    0     0      0      0 --:--:--  0:00:55 --:--:--     0  0     0    0     0    0     0      0      0 --:--:--  0:00:56 --:--:--     0  0     0    0     0    0     0      0      0 --:--:--  0:00:57 --:--:--     0  0     0    0     0    0     0      0      0 --:--:--  0:00:58 --:--:--     0  0     0    0     0    0     0      0      0 --:--:--  0:00:59 --:--:--     0  0     0    0     0    0     0      0      0 --:--:--  0:01:00 --:--:--     0  0     0    0     0    0     0      0      0 --:--:--  0:01:01 --:--:--     0  0     0    0     0    0     0      0      0 --:--:--  0:01:02 --:--:--     0  0     0    0     0    0     0      0      0 --:--:--  0:01:03 --:--:--     0  0     0    0     0    0     0      0      0 --:--:--  0:01:04 --:--:--     0  0     0    0     0    0     0      0      0 --:--:--  0:01:05 --:--:--     0  0     0    0     0    0     0      0      0 --:--:--  0:01:06 --:--:--     0  0     0    0     0    0     0      0      0 --:--:--  0:01:07 --:--:--     0  0     0    0     0    0     0      0      0 --:--:--  0:01:08 --:--:--     0  0     0    0     0    0     0      0      0 --:--:--  0:01:09 --:--:--     0  0     0    0     0    0     0      0      0 --:--:--  0:01:10 --:--:--     0  0     0    0     0    0     0      0      0 --:--:--  0:01:11 --:--:--     0  0     0    0     0    0     0      0      0 --:--:--  0:01:12 --:--:--     0  0     0    0     0    0     0      0      0 --:--:--  0:01:13 --:--:--     0  0     0    0     0    0     0      0      0 --:--:--  0:01:14 --:--:--     0  0     0    0     0    0     0      0      0 --:--:--  0:01:15 --:--:--     0  0     0    0     0    0     0      0      0 --:--:--  0:01:16 --:--:--     0  0     0    0     0    0     0      0      0 --:--:--  0:01:17 --:--:--     0  0     0    0     0    0     0      0      0 --:--:--  0:01:18 --:--:--     0  0     0    0     0    0     0      0      0 --:--:--  0:01:19 --:--:--     0  0     0    0     0    0     0      0      0 --:--:--  0:01:20 --:--:--     0  0     0    0     0    0     0      0      0 --:--:--  0:01:21 --:--:--     0  0     0    0     0    0     0      0      0 --:--:--  0:01:22 --:--:--     0  0     0    0     0    0     0      0      0 --:--:--  0:01:23 --:--:--     0  0     0    0     0    0     0      0      0 --:--:--  0:01:24 --:--:--     0  0     0    0     0    0     0      0      0 --:--:--  0:01:25 --:--:--     0  0     0    0     0    0     0      0      0 --:--:--  0:01:26 --:--:--     0  0     0    0     0    0     0      0      0 --:--:--  0:01:27 --:--:--     0  0     0    0     0    0     0      0      0 --:--:--  0:01:28 --:--:--     0  0     0    0     0    0     0      0      0 --:--:--  0:01:29 --:--:--     0  0     0    0     0    0     0      0      0 --:--:--  0:01:30 --:--:--     0  0     0    0     0    0     0      0      0 --:--:--  0:01:31 --:--:--     0  0     0    0     0    0     0      0      0 --:--:--  0:01:32 --:--:--     0  0     0    0     0    0     0      0      0 --:--:--  0:01:33 --:--:--     0  0     0    0     0    0     0      0      0 --:--:--  0:01:34 --:--:--     0  0     0    0     0    0     0      0      0 --:--:--  0:01:35 --:--:--     0  0     0    0     0    0     0      0      0 --:--:--  0:01:36 --:--:--     0  0     0    0     0    0     0      0      0 --:--:--  0:01:37 --:--:--     0  0     0    0     0    0     0      0      0 --:--:--  0:01:38 --:--:--     0  0     0    0     0    0     0      0      0 --:--:--  0:01:39 --:--:--     0  0     0    0     0    0     0      0      0 --:--:--  0:01:40 --:--:--     0  0     0    0     0    0     0      0      0 --:--:--  0:01:41 --:--:--     0  0     0    0     0    0     0      0      0 --:--:--  0:01:42 --:--:--     0  0     0    0     0    0     0      0      0 --:--:--  0:01:43 --:--:--     0  0     0    0     0    0     0      0      0 --:--:--  0:01:44 --:--:--     0  0     0    0     0    0     0      0      0 --:--:--  0:01:45 --:--:--     0  0     0    0     0    0     0      0      0 --:--:--  0:01:46 --:--:--     0  0     0    0     0    0     0      0      0 --:--:--  0:01:47 --:--:--     0  0     0    0     0    0     0      0      0 --:--:--  0:01:48 --:--:--     0  0     0    0     0    0     0      0      0 --:--:--  0:01:49 --:--:--     0  0     0    0     0    0     0      0      0 --:--:--  0:01:50 --:--:--     0  0     0    0     0    0     0      0      0 --:--:--  0:01:51 --:--:--     0  0     0    0     0    0     0      0      0 --:--:--  0:01:52 --:--:--     0  0     0    0     0    0     0      0      0 --:--:--  0:01:53 --:--:--     0  0     0    0     0    0     0      0      0 --:--:--  0:01:54 --:--:--     0  0     0    0     0    0     0      0      0 --:--:--  0:01:55 --:--:--     0  0     0    0     0    0     0      0      0 --:--:--  0:01:56 --:--:--     0  0     0    0     0    0     0      0      0 --:--:--  0:01:57 --:--:--     0  0     0    0     0    0     0      0      0 --:--:--  0:01:58 --:--:--     0  0     0    0     0    0     0      0      0 --:--:--  0:01:59 --:--:--     0  0     0    0     0    0     0      0      0 --:--:--  0:02:00 --:--:--     0  0     0    0     0    0     0      0      0 --:--:--  0:02:01 --:--:--     0  0     0    0     0    0     0      0      0 --:--:--  0:02:02 --:--:--     0  0     0    0     0    0     0      0      0 --:--:--  0:02:03 --:--:--     0  0     0    0     0    0     0      0      0 --:--:--  0:02:04 --:--:--     0  0     0    0     0    0     0      0      0 --:--:--  0:02:05 --:--:--     0  0     0    0     0    0     0      0      0 --:--:--  0:02:06 --:--:--     0  0     0    0     0    0     0      0      0 --:--:--  0:02:07 --:--:--     0  0     0    0     0    0     0      0      0 --:--:--  0:02:08 --:--:--     0  0     0    0     0    0     0      0      0 --:--:--  0:02:09 --:--:--     0  0     0    0     0    0     0      0      0 --:--:--  0:02:10 --:--:--     0  0     0    0     0    0     0      0      0 --:--:--  0:02:11 --:--:--     0  0     0    0     0    0     0      0      0 --:--:--  0:02:12 --:--:--     0  0     0    0     0    0     0      0      0 --:--:--  0:02:13 --:--:--     0  0     0    0     0    0     0      0      0 --:--:--  0:02:14 --:--:--     0  0     0    0     0    0     0      0      0 --:--:--  0:02:15 --:--:--     0  0     0    0     0    0     0      0      0 --:--:--  0:02:16 --:--:--     0  0     0    0     0    0     0      0      0 --:--:--  0:02:17 --:--:--     0  0     0    0     0    0     0      0      0 --:--:--  0:02:18 --:--:--     0  0     0    0     0    0     0      0      0 --:--:--  0:02:19 --:--:--     0  0     0    0     0    0     0      0      0 --:--:--  0:02:20 --:--:--     0  0     0    0     0    0     0      0      0 --:--:--  0:02:21 --:--:--     0  0     0    0     0    0     0      0      0 --:--:--  0:02:22 --:--:--     0  0     0    0     0    0     0      0      0 --:--:--  0:02:23 --:--:--     0  0     0    0     0    0     0      0      0 --:--:--  0:02:24 --:--:--     0  0     0    0     0    0     0      0      0 --:--:--  0:02:25 --:--:--     0  0     0    0     0    0     0      0      0 --:--:--  0:02:26 --:--:--     0  0     0    0     0    0     0      0      0 --:--:--  0:02:27 --:--:--     0  0     0    0     0    0     0      0      0 --:--:--  0:02:28 --:--:--     0  0     0    0     0    0     0      0      0 --:--:--  0:02:29 --:--:--     0  0     0    0     0    0     0      0      0 --:--:--  0:02:30 --:--:--     0  0     0    0     0    0     0      0      0 --:--:--  0:02:31 --:--:--     0  0     0    0     0    0     0      0      0 --:--:--  0:02:32 --:--:--     0  0     0    0     0    0     0      0      0 --:--:--  0:02:33 --:--:--     0  0     0    0     0    0     0      0      0 --:--:--  0:02:34 --:--:--     0  0     0    0     0    0     0      0      0 --:--:--  0:02:35 --:--:--     0  0     0    0     0    0     0      0      0 --:--:--  0:02:36 --:--:--     0  0     0    0     0    0     0      0      0 --:--:--  0:02:37 --:--:--     0  0     0    0     0    0     0      0      0 --:--:--  0:02:38 --:--:--     0  0     0    0     0    0     0      0      0 --:--:--  0:02:39 --:--:--     0  0     0    0     0    0     0      0      0 --:--:--  0:02:40 --:--:--     0  0     0    0     0    0     0      0      0 --:--:--  0:02:41 --:--:--     0  0     0    0     0    0     0      0      0 --:--:--  0:02:42 --:--:--     0  0     0    0     0    0     0      0      0 --:--:--  0:02:43 --:--:--     0  0     0    0     0    0     0      0      0 --:--:--  0:02:44 --:--:--     0  0     0    0     0    0     0      0      0 --:--:--  0:02:45 --:--:--     0  0     0    0     0    0     0      0      0 --:--:--  0:02:46 --:--:--     0  0     0    0     0    0     0      0      0 --:--:--  0:02:47 --:--:--     0  0     0    0     0    0     0      0      0 --:--:--  0:02:48 --:--:--     0  0     0    0     0    0     0      0      0 --:--:--  0:02:49 --:--:--     0  0     0    0     0    0     0      0      0 --:--:--  0:02:50 --:--:--     0  0     0    0     0    0     0      0      0 --:--:--  0:02:51 --:--:--     0  0     0    0     0    0     0      0      0 --:--:--  0:02:52 --:--:--     0  0     0    0     0    0     0      0      0 --:--:--  0:02:53 --:--:--     0  0     0    0     0    0     0      0      0 --:--:--  0:02:54 --:--:--     0  0     0    0     0    0     0      0      0 --:--:--  0:02:55 --:--:--     0  0     0    0     0    0     0      0      0 --:--:--  0:02:56 --:--:--     0  0     0    0     0    0     0      0      0 --:--:--  0:02:57 --:--:--     0  0     0    0     0    0     0      0      0 --:--:--  0:02:58 --:--:--     0  0     0    0     0    0     0      0      0 --:--:--  0:02:59 --:--:--     0  0     0    0     0    0     0      0      0 --:--:--  0:03:00 --:--:--     0
curl: (28) Operation timed out after 180001 milliseconds with 0 bytes received
=========================== short test summary info ============================
ERROR tests/test_elm.py - RuntimeError: ELM database files download failed; missing files: ELM instances fasta file
!!!!!!!!!!!!!!!!!!!! Interrupted: 1 error during collection !!!!!!!!!!!!!!!!!!!!
========================= 1 error in 663.80s (0:11:03) =========================
